2024-05-31 14:31:22,334 - INFO - Shazank.Ron | CG added 8x 3h Mill to cherie.
2024-05-31 14:38:28,134 - INFO - Shazank.Ron | CG added 8x 3h Mill to cherie.
2024-05-31 14:39:59,768 - INFO - Shazank.Ron | CG added 8x 3h Mill to cherie.
2024-05-31 14:43:10,184 - INFO - Shazank.Ron | CG added 8x 3h Mill to cherie.
2024-05-31 14:49:11,670 - INFO - Shazank.Ron | CG added 8x 3h Mill to cherie.
2024-05-31 15:04:05,451 - INFO - Shazank.Ron | CG added 8x 3h Mill to cherie.
2024-05-31 15:08:05,184 - INFO - Shazank.Ron | CG added 8x Half Cut trees to Shazank.Ron | CG.
2024-05-31 15:10:09,330 - INFO - Shazank.Ron | CG added 8x Half Cut trees to Shazank.Ron | CG.
2024-05-31 15:12:11,748 - INFO - Shazank.Ron | CG added 8x Half Cut trees to Shazank.Ron | CG.
2024-05-31 15:17:47,792 - INFO - Shazank.Ron | CG added 8x Half Cut trees to Shazank.Ron | CG.
2024-05-31 15:18:19,180 - INFO - Shazank.Ron added 6x 3h Industry to Shazank.Ron.
2024-05-31 15:22:42,828 - INFO - Shazank.Ron added 8x 3h Mill to Shazank.Ron.
2024-05-31 15:30:10,649 - INFO - Shazank.Ron | CG added 8x Half Cut trees to Shazank.Ron | CG.
2024-05-31 15:32:29,354 - INFO - Shazank.Ron added 2x 3h Industry to Shazank.Ron.
2024-05-31 15:42:30,127 - INFO - Shazank.Ron | CG added 8x Half Cut trees to Shazank.Ron | CG.
2024-05-31 16:16:08,089 - INFO - Shazank.Ron | CG added 8x Half Cut trees to cherie.
2024-05-31 16:16:20,369 - INFO - Shazank.Ron | CG added 8x Half Cut trees to Shazank.Ron | CG.
2024-05-31 16:17:32,923 - INFO - Shazank.Ron | CG added 8x Half Cut trees to Shazank.Ron | CG.
2024-05-31 16:19:28,401 - INFO - Shazank.Ron | CG added 2x 3h Mill to Shazank.Ron | CG.
2024-05-31 19:21:22,766 - INFO - Shazank.Ron | CG added 2x 3h Mill to Shazank.Ron | CG.
2024-05-31 19:22:00,259 - INFO - Shazank.Ron | CG removed 10x Half Cut trees from Shazank.Ron | CG.
